2024-07-04 16:43:07,142 - Synchronized server time. Server time: 1720091587035, Local time: 1720091587142, Time difference: -107
2024-07-04 16:43:11,367 - Initial balances: {'USDC': 0.47105945, 'ETH': 0.01208602, 'BTC': 0.00311489, 'SOL': 2.99259732}
2024-07-04 16:43:11,718 - Model training complete. Accuracy: 0.515
2024-07-04 16:43:11,857 - Synchronized server time. Server time: 1720091591757, Local time: 1720091591856, Time difference: -99
2024-07-04 16:43:12,064 - Updated balances: {'USDC': 0.47105945, 'ETH': 0.01208602, 'BTC': 0.00311489, 'SOL': 2.99259732}
2024-07-04 16:43:12,617 - Pair: SOL/USDC, RSI: 55.51616245251921, MACD Line: 0.14074844437124057, MACD Signal: 0.16333826963184236, BB Upper: 134.40365337691983, BB Lower: 134.02534662308014, ATR: 0.17874975452793995, Order Flow Imbalance: -0.1220029309321598
2024-07-04 16:43:13,706 - Pair: SOL/ETH, RSI: 50.80334326960296, MACD Line: -9.02211213860138e-06, MACD Signal: -8.591943216289007e-06, BB Upper: 0.04245029853299445, BB Lower: 0.04228670146700554, ATR: 3.151478620966807e-05, Order Flow Imbalance: -0.07105744749363468
2024-07-04 16:43:14,388 - Pair: SOL/BTC, RSI: 50.44094842061384, MACD Line: -4.3554886900842166e-07, MACD Signal: -4.7423610827861037e-07, BB Upper: 0.0023216591387133106, BB Lower: 0.00231269086128669, ATR: 2.3897301334297003e-06, Order Flow Imbalance: 0.004906797060822323
2024-07-04 16:43:15,489 - Pair: ETH/BTC, RSI: 55.05626161939031, MACD Line: 2.620611253500993e-06, MACD Signal: -4.1206359865953863e-07, BB Upper: 0.05473221061822159, BB Lower: 0.05464178938177841, ATR: 2.5583774630059555e-05, Order Flow Imbalance: 0.08264803845208811
2024-07-04 16:43:16,574 - Pair: BTC/USDC, RSI: 57.2115441807829, MACD Line: 71.02283679573156, MACD Signal: 82.5466707789515, BB Upper: 58052.37166889198, BB Lower: 57794.31933110801, ATR: 51.246674011995154, Order Flow Imbalance: 0.18888989347521185
2024-07-04 16:43:16,876 - Pair: ETH/USDC, RSI: 58.50657701786269, MACD Line: 4.081162551787656, MACD Signal: 4.54635313741073, BB Upper: 3175.3721187805354, BB Lower: 3159.6728812194647, ATR: 3.0056417672215643, Order Flow Imbalance: 0.00859426168789421
2024-07-04 16:47:24,627 - Synchronized server time. Server time: 1720091844521, Local time: 1720091844627, Time difference: -106
2024-07-04 16:47:27,898 - Initial balances: {'USDC': 0.47105945, 'ETH': 0.01208602, 'BTC': 0.00311489, 'SOL': 2.99259732}
2024-07-04 16:47:28,443 - Model training complete. Accuracy: 0.42
2024-07-04 16:47:28,581 - Synchronized server time. Server time: 1720091848480, Local time: 1720091848581, Time difference: -101
2024-07-04 16:47:28,812 - Updated balances: {'USDC': 0.47105945, 'ETH': 0.01208602, 'BTC': 0.00311489, 'SOL': 2.99259732}
2024-07-04 16:47:29,375 - Pair: SOL/USDC, RSI: 42.35474432447009, MACD Line: 0.03711998726902266, MACD Signal: 0.10977953740795, BB Upper: 134.45943285422547, BB Lower: 133.89356714577448, ATR: 0.17750196006467947, Order Flow Imbalance: -0.12868019551436685
2024-07-04 16:47:30,216 - Pair: SOL/ETH, RSI: 43.97370692738356, MACD Line: -1.4532956228649474e-05, MACD Signal: -1.112830062579689e-05, BB Upper: 0.04240802458520996, BB Lower: 0.042285975414790046, ATR: 3.69016389155811e-05, Order Flow Imbalance: -0.06734068198806684
2024-07-04 16:47:30,515 - Pair: SOL/BTC, RSI: 48.11417423104272, MACD Line: -2.3078870837025048e-07, MACD Signal: -3.1865104190143944e-07, BB Upper: 0.002320283942154009, BB Lower: 0.002313006057845991, ATR: 2.1434827732134764e-06, Order Flow Imbalance: 0.09161602415079685
2024-07-04 16:47:31,339 - Pair: ETH/BTC, RSI: 54.85234610154513, MACD Line: 1.3307708371615434e-05, MACD Signal: 5.905793401312406e-06, BB Upper: 0.05476511893535214, BB Lower: 0.05463888106464788, ATR: 3.213766086064953e-05, Order Flow Imbalance: 0.08074597668084983
2024-07-04 16:47:31,894 - Pair: BTC/USDC, RSI: 41.47865471460243, MACD Line: 22.07760993935517, MACD Signal: 55.69869768514044, BB Upper: 58061.3578690851, BB Lower: 57774.2321309149, ATR: 51.6255613832032, Order Flow Imbalance: -0.017330032162443974
2024-07-04 16:47:32,469 - Pair: ETH/USDC, RSI: 43.21488409039045, MACD Line: 1.9299306394100313, MACD Signal: 3.451079286854456, BB Upper: 3174.6268619607495, BB Lower: 3161.7031380392505, ATR: 3.3019316359414708, Order Flow Imbalance: -0.05726301614359855
2024-07-04 16:47:32,476 - Pair: SOL/USDC, Market Price: 133.87
2024-07-04 16:47:32,477 - Indicators: {'timestamp': datetime.datetime(2024, 7, 4, 16, 47, 29, 229833), 'price': np.float64(133.87), 'rsi': np.float64(42.35474432447009), 'macd_line': np.float64(0.03711998726902266), 'macd_signal': np.float64(0.10977953740795), 'bb_upper': np.float64(134.45943285422547), 'bb_lower': np.float64(133.89356714577448), 'atr': np.float64(0.17750196006467947), 'order_flow_imbalance': -0.12868019551436685}
2024-07-04 16:47:32,477 - Sell signal generated for SOL/USDC at price: 133.87
2024-07-04 16:47:32,483 - Pair: SOL/ETH, Market Price: 0.04232
2024-07-04 16:47:32,483 - Indicators: {'timestamp': datetime.datetime(2024, 7, 4, 16, 47, 29, 801909), 'price': np.float64(0.04232), 'rsi': np.float64(43.97370692738356), 'macd_line': np.float64(-1.4532956228649474e-05), 'macd_signal': np.float64(-1.112830062579689e-05), 'bb_upper': np.float64(0.04240802458520996), 'bb_lower': np.float64(0.042285975414790046), 'atr': np.float64(3.69016389155811e-05), 'order_flow_imbalance': -0.06734068198806684}
2024-07-04 16:47:32,483 - Buy signal generated for SOL/ETH at price: 0.04232
2024-07-04 16:47:32,489 - Pair: SOL/BTC, Market Price: 0.0023164
2024-07-04 16:47:32,489 - Indicators: {'timestamp': datetime.datetime(2024, 7, 4, 16, 47, 30, 371826), 'price': np.float64(0.0023164), 'rsi': np.float64(48.11417423104272), 'macd_line': np.float64(-2.3078870837025048e-07), 'macd_signal': np.float64(-3.1865104190143944e-07), 'bb_upper': np.float64(0.002320283942154009), 'bb_lower': np.float64(0.002313006057845991), 'atr': np.float64(2.1434827732134764e-06), 'order_flow_imbalance': 0.09161602415079685}
2024-07-04 16:47:32,489 - Buy signal generated for SOL/BTC at price: 0.0023164
2024-07-04 16:47:32,494 - Pair: ETH/BTC, Market Price: 0.05473
2024-07-04 16:47:32,495 - Indicators: {'timestamp': datetime.datetime(2024, 7, 4, 16, 47, 30, 920835), 'price': np.float64(0.05473), 'rsi': np.float64(54.85234610154513), 'macd_line': np.float64(1.3307708371615434e-05), 'macd_signal': np.float64(5.905793401312406e-06), 'bb_upper': np.float64(0.05476511893535214), 'bb_lower': np.float64(0.05463888106464788), 'atr': np.float64(3.213766086064953e-05), 'order_flow_imbalance': 0.08074597668084983}
2024-07-04 16:47:32,495 - Buy signal generated for ETH/BTC at price: 0.05473
2024-07-04 16:47:32,500 - Pair: BTC/USDC, Market Price: 57790.01
2024-07-04 16:47:32,501 - Indicators: {'timestamp': datetime.datetime(2024, 7, 4, 16, 47, 31, 494824), 'price': np.float64(57790.01), 'rsi': np.float64(41.47865471460243), 'macd_line': np.float64(22.07760993935517), 'macd_signal': np.float64(55.69869768514044), 'bb_upper': np.float64(58061.3578690851), 'bb_lower': np.float64(57774.2321309149), 'atr': np.float64(51.6255613832032), 'order_flow_imbalance': -0.017330032162443974}
2024-07-04 16:47:32,501 - Sell signal generated for BTC/USDC at price: 57790.01
2024-07-04 16:47:32,506 - Pair: ETH/USDC, Market Price: 3161.93
2024-07-04 16:47:32,507 - Indicators: {'timestamp': datetime.datetime(2024, 7, 4, 16, 47, 32, 317823), 'price': np.float64(3161.93), 'rsi': np.float64(43.21488409039045), 'macd_line': np.float64(1.9299306394100313), 'macd_signal': np.float64(3.451079286854456), 'bb_upper': np.float64(3174.6268619607495), 'bb_lower': np.float64(3161.7031380392505), 'atr': np.float64(3.3019316359414708), 'order_flow_imbalance': -0.05726301614359855}
2024-07-04 16:47:32,507 - Sell signal generated for ETH/USDC at price: 3161.93
2024-07-04 16:47:32,650 - Synchronized server time. Server time: 1720091852544, Local time: 1720091852650, Time difference: -106
2024-07-04 16:47:32,857 - Updated balances: {'USDC': 0.47105945, 'ETH': 0.01208602, 'BTC': 0.00311489, 'SOL': 2.99259732}
2024-07-04 16:47:33,003 - Synchronized server time. Server time: 1720091852895, Local time: 1720091853003, Time difference: -108
2024-07-04 16:47:33,158 - Placed sell order for SOL/USDC: {'info': {'symbol': 'SOLUSDC', 'orderId': '433404711', 'orderListId': '-1', 'clientOrderId': 'x-R4BD3S82b2a10c686b0472009867bb', 'transactTime': '1720091853055', 'price': '133.87000000', 'origQty': '2.99200000', 'executedQty': '0.00000000', 'cummulativeQuoteQty': '0.00000000', 'status': 'NEW', 'timeInForce': 'GTC', 'type': 'LIMIT', 'side': 'SELL', 'workingTime': '1720091853055', 'fills': [], 'selfTradePreventionMode': 'EXPIRE_MAKER'}, 'id': '433404711', 'clientOrderId': 'x-R4BD3S82b2a10c686b0472009867bb', 'timestamp': 1720091853055, 'datetime': '2024-07-04T11:17:33.055Z', 'lastTradeTimestamp': None, 'lastUpdateTimestamp': 1720091853055, 'symbol': 'SOL/USDC', 'type': 'limit', 'timeInForce': 'GTC', 'postOnly': False, 'reduceOnly': None, 'side': 'sell', 'price': 133.87, 'triggerPrice': None, 'amount': 2.992, 'cost': 0.0, 'average': None, 'filled': 0.0, 'remaining': 2.992, 'status': 'open', 'fee': None, 'trades': [], 'fees': [], 'stopPrice': None, 'takeProfitPrice': None, 'stopLossPrice': None}
2024-07-04 16:47:33,158 - Order placed for SOL/USDC: {'info': {'symbol': 'SOLUSDC', 'orderId': '433404711', 'orderListId': '-1', 'clientOrderId': 'x-R4BD3S82b2a10c686b0472009867bb', 'transactTime': '1720091853055', 'price': '133.87000000', 'origQty': '2.99200000', 'executedQty': '0.00000000', 'cummulativeQuoteQty': '0.00000000', 'status': 'NEW', 'timeInForce': 'GTC', 'type': 'LIMIT', 'side': 'SELL', 'workingTime': '1720091853055', 'fills': [], 'selfTradePreventionMode': 'EXPIRE_MAKER'}, 'id': '433404711', 'clientOrderId': 'x-R4BD3S82b2a10c686b0472009867bb', 'timestamp': 1720091853055, 'datetime': '2024-07-04T11:17:33.055Z', 'lastTradeTimestamp': None, 'lastUpdateTimestamp': 1720091853055, 'symbol': 'SOL/USDC', 'type': 'limit', 'timeInForce': 'GTC', 'postOnly': False, 'reduceOnly': None, 'side': 'sell', 'price': 133.87, 'triggerPrice': None, 'amount': 2.992, 'cost': 0.0, 'average': None, 'filled': 0.0, 'remaining': 2.992, 'status': 'open', 'fee': None, 'trades': [], 'fees': [], 'stopPrice': None, 'takeProfitPrice': None, 'stopLossPrice': None}
2024-07-04 16:47:33,299 - Synchronized server time. Server time: 1720091853198, Local time: 1720091853299, Time difference: -101
2024-07-04 16:47:33,512 - Updated balances: {'USDC': 0.47105945, 'ETH': 0.01208602, 'BTC': 0.00311489, 'SOL': 2.99259732}
2024-07-04 16:47:33,659 - Synchronized server time. Server time: 1720091853551, Local time: 1720091853659, Time difference: -108
2024-07-04 16:47:33,803 - Placed buy order for SOL/ETH: {'info': {'symbol': 'SOLETH', 'orderId': '218421955', 'orderListId': '-1', 'clientOrderId': 'x-R4BD3S828028c8578122111158bd35', 'transactTime': '1720091853696', 'price': '0.04232000', 'origQty': '0.28500000', 'executedQty': '0.28500000', 'cummulativeQuoteQty': '0.01206120', 'status': 'FILLED', 'timeInForce': 'GTC', 'type': 'LIMIT', 'side': 'BUY', 'workingTime': '1720091853696', 'fills': [{'price': '0.04232000', 'qty': '0.28500000', 'commission': '0.00028500', 'commissionAsset': 'SOL', 'tradeId': '12142163'}], 'selfTradePreventionMode': 'EXPIRE_MAKER'}, 'id': '218421955', 'clientOrderId': 'x-R4BD3S828028c8578122111158bd35', 'timestamp': 1720091853696, 'datetime': '2024-07-04T11:17:33.696Z', 'lastTradeTimestamp': 1720091853696, 'lastUpdateTimestamp': 1720091853696, 'symbol': 'SOL/ETH', 'type': 'limit', 'timeInForce': 'GTC', 'postOnly': False, 'reduceOnly': None, 'side': 'buy', 'price': 0.04232, 'triggerPrice': None, 'amount': 0.285, 'cost': 0.0120612, 'average': 0.04232, 'filled': 0.285, 'remaining': 0.0, 'status': 'closed', 'fee': {'currency': 'SOL', 'cost': 0.000285}, 'trades': [{'info': {'price': '0.04232000', 'qty': '0.28500000', 'commission': '0.00028500', 'commissionAsset': 'SOL', 'tradeId': '12142163'}, 'timestamp': None, 'datetime': None, 'symbol': 'SOL/ETH', 'id': '12142163', 'order': None, 'type': None, 'side': None, 'takerOrMaker': None, 'price': 0.04232, 'amount': 0.285, 'cost': 0.0120612, 'fee': {'cost': 0.000285, 'currency': 'SOL'}, 'fees': [{'cost': 0.000285, 'currency': 'SOL'}]}], 'fees': [{'currency': 'SOL', 'cost': 0.000285}], 'stopPrice': None, 'takeProfitPrice': None, 'stopLossPrice': None}
2024-07-04 16:47:33,803 - Order placed for SOL/ETH: {'info': {'symbol': 'SOLETH', 'orderId': '218421955', 'orderListId': '-1', 'clientOrderId': 'x-R4BD3S828028c8578122111158bd35', 'transactTime': '1720091853696', 'price': '0.04232000', 'origQty': '0.28500000', 'executedQty': '0.28500000', 'cummulativeQuoteQty': '0.01206120', 'status': 'FILLED', 'timeInForce': 'GTC', 'type': 'LIMIT', 'side': 'BUY', 'workingTime': '1720091853696', 'fills': [{'price': '0.04232000', 'qty': '0.28500000', 'commission': '0.00028500', 'commissionAsset': 'SOL', 'tradeId': '12142163'}], 'selfTradePreventionMode': 'EXPIRE_MAKER'}, 'id': '218421955', 'clientOrderId': 'x-R4BD3S828028c8578122111158bd35', 'timestamp': 1720091853696, 'datetime': '2024-07-04T11:17:33.696Z', 'lastTradeTimestamp': 1720091853696, 'lastUpdateTimestamp': 1720091853696, 'symbol': 'SOL/ETH', 'type': 'limit', 'timeInForce': 'GTC', 'postOnly': False, 'reduceOnly': None, 'side': 'buy', 'price': 0.04232, 'triggerPrice': None, 'amount': 0.285, 'cost': 0.0120612, 'average': 0.04232, 'filled': 0.285, 'remaining': 0.0, 'status': 'closed', 'fee': {'currency': 'SOL', 'cost': 0.000285}, 'trades': [{'info': {'price': '0.04232000', 'qty': '0.28500000', 'commission': '0.00028500', 'commissionAsset': 'SOL', 'tradeId': '12142163'}, 'timestamp': None, 'datetime': None, 'symbol': 'SOL/ETH', 'id': '12142163', 'order': None, 'type': None, 'side': None, 'takerOrMaker': None, 'price': 0.04232, 'amount': 0.285, 'cost': 0.0120612, 'fee': {'cost': 0.000285, 'currency': 'SOL'}, 'fees': [{'cost': 0.000285, 'currency': 'SOL'}]}], 'fees': [{'currency': 'SOL', 'cost': 0.000285}], 'stopPrice': None, 'takeProfitPrice': None, 'stopLossPrice': None}
2024-07-04 16:47:34,211 - Synchronized server time. Server time: 1720091854106, Local time: 1720091854211, Time difference: -105
2024-07-04 16:47:34,368 - Updated balances: {'USDC': 0.47105945, 'ETH': 2.482e-05, 'BTC': 0.00311489, 'SOL': 3.27731232}
2024-07-04 16:47:34,505 - Synchronized server time. Server time: 1720091854405, Local time: 1720091854505, Time difference: -100
2024-07-04 16:47:34,902 - Placed buy order for SOL/BTC: {'info': {'symbol': 'SOLBTC', 'orderId': '2042921098', 'orderListId': '-1', 'clientOrderId': 'x-R4BD3S8266e61fc0a0513f3a9f3d1', 'transactTime': '1720091854800', 'price': '0.00231640', 'origQty': '1.34300000', 'executedQty': '1.34300000', 'cummulativeQuoteQty': '0.00311092', 'status': 'FILLED', 'timeInForce': 'GTC', 'type': 'LIMIT', 'side': 'BUY', 'workingTime': '1720091854800', 'fills': [{'price': '0.00231640', 'qty': '0.33500000', 'commission': '0.00033500', 'commissionAsset': 'SOL', 'tradeId': '101670134'}, {'price': '0.00231640', 'qty': '1.00800000', 'commission': '0.00100800', 'commissionAsset': 'SOL', 'tradeId': '101670135'}], 'selfTradePreventionMode': 'EXPIRE_MAKER'}, 'id': '2042921098', 'clientOrderId': 'x-R4BD3S8266e61fc0a0513f3a9f3d1', 'timestamp': 1720091854800, 'datetime': '2024-07-04T11:17:34.800Z', 'lastTradeTimestamp': 1720091854800, 'lastUpdateTimestamp': 1720091854800, 'symbol': 'SOL/BTC', 'type': 'limit', 'timeInForce': 'GTC', 'postOnly': False, 'reduceOnly': None, 'side': 'buy', 'price': 0.0023164, 'triggerPrice': None, 'amount': 1.343, 'cost': 0.00311092, 'average': 0.002316396128071481, 'filled': 1.343, 'remaining': 0.0, 'status': 'closed', 'fee': {'currency': 'SOL', 'cost': 0.001343}, 'trades': [{'info': {'price': '0.00231640', 'qty': '0.33500000', 'commission': '0.00033500', 'commissionAsset': 'SOL', 'tradeId': '101670134'}, 'timestamp': None, 'datetime': None, 'symbol': 'SOL/BTC', 'id': '101670134', 'order': None, 'type': None, 'side': None, 'takerOrMaker': None, 'price': 0.0023164, 'amount': 0.335, 'cost': 0.000775994, 'fee': {'cost': 0.000335, 'currency': 'SOL'}, 'fees': [{'cost': 0.000335, 'currency': 'SOL'}]}, {'info': {'price': '0.00231640', 'qty': '1.00800000', 'commission': '0.00100800', 'commissionAsset': 'SOL', 'tradeId': '101670135'}, 'timestamp': None, 'datetime': None, 'symbol': 'SOL/BTC', 'id': '101670135', 'order': None, 'type': None, 'side': None, 'takerOrMaker': None, 'price': 0.0023164, 'amount': 1.008, 'cost': 0.0023349312, 'fee': {'cost': 0.001008, 'currency': 'SOL'}, 'fees': [{'cost': 0.001008, 'currency': 'SOL'}]}], 'fees': [{'currency': 'SOL', 'cost': 0.001343}], 'stopPrice': None, 'takeProfitPrice': None, 'stopLossPrice': None}
2024-07-04 16:47:34,902 - Order placed for SOL/BTC: {'info': {'symbol': 'SOLBTC', 'orderId': '2042921098', 'orderListId': '-1', 'clientOrderId': 'x-R4BD3S8266e61fc0a0513f3a9f3d1', 'transactTime': '1720091854800', 'price': '0.00231640', 'origQty': '1.34300000', 'executedQty': '1.34300000', 'cummulativeQuoteQty': '0.00311092', 'status': 'FILLED', 'timeInForce': 'GTC', 'type': 'LIMIT', 'side': 'BUY', 'workingTime': '1720091854800', 'fills': [{'price': '0.00231640', 'qty': '0.33500000', 'commission': '0.00033500', 'commissionAsset': 'SOL', 'tradeId': '101670134'}, {'price': '0.00231640', 'qty': '1.00800000', 'commission': '0.00100800', 'commissionAsset': 'SOL', 'tradeId': '101670135'}], 'selfTradePreventionMode': 'EXPIRE_MAKER'}, 'id': '2042921098', 'clientOrderId': 'x-R4BD3S8266e61fc0a0513f3a9f3d1', 'timestamp': 1720091854800, 'datetime': '2024-07-04T11:17:34.800Z', 'lastTradeTimestamp': 1720091854800, 'lastUpdateTimestamp': 1720091854800, 'symbol': 'SOL/BTC', 'type': 'limit', 'timeInForce': 'GTC', 'postOnly': False, 'reduceOnly': None, 'side': 'buy', 'price': 0.0023164, 'triggerPrice': None, 'amount': 1.343, 'cost': 0.00311092, 'average': 0.002316396128071481, 'filled': 1.343, 'remaining': 0.0, 'status': 'closed', 'fee': {'currency': 'SOL', 'cost': 0.001343}, 'trades': [{'info': {'price': '0.00231640', 'qty': '0.33500000', 'commission': '0.00033500', 'commissionAsset': 'SOL', 'tradeId': '101670134'}, 'timestamp': None, 'datetime': None, 'symbol': 'SOL/BTC', 'id': '101670134', 'order': None, 'type': None, 'side': None, 'takerOrMaker': None, 'price': 0.0023164, 'amount': 0.335, 'cost': 0.000775994, 'fee': {'cost': 0.000335, 'currency': 'SOL'}, 'fees': [{'cost': 0.000335, 'currency': 'SOL'}]}, {'info': {'price': '0.00231640', 'qty': '1.00800000', 'commission': '0.00100800', 'commissionAsset': 'SOL', 'tradeId': '101670135'}, 'timestamp': None, 'datetime': None, 'symbol': 'SOL/BTC', 'id': '101670135', 'order': None, 'type': None, 'side': None, 'takerOrMaker': None, 'price': 0.0023164, 'amount': 1.008, 'cost': 0.0023349312, 'fee': {'cost': 0.001008, 'currency': 'SOL'}, 'fees': [{'cost': 0.001008, 'currency': 'SOL'}]}], 'fees': [{'currency': 'SOL', 'cost': 0.001343}], 'stopPrice': None, 'takeProfitPrice': None, 'stopLossPrice': None}
2024-07-04 16:47:35,046 - Synchronized server time. Server time: 1720091854940, Local time: 1720091855046, Time difference: -106
2024-07-04 16:47:35,252 - Updated balances: {'USDC': 400.60956041, 'ETH': 2.482e-05, 'BTC': 3.97e-06, 'SOL': 1.62696932}
2024-07-04 16:47:35,253 - Insufficient BTC balance to buy minimum amount of ETH. Required: 0.001 ETH
2024-07-04 16:47:35,396 - Synchronized server time. Server time: 1720091855290, Local time: 1720091855396, Time difference: -106
2024-07-04 16:47:35,610 - Updated balances: {'USDC': 400.60956041, 'ETH': 2.482e-05, 'BTC': 3.97e-06, 'SOL': 1.62696932}
2024-07-04 16:47:35,611 - Trade amount 3.97e-06 BTC does not meet the minimum requirements
2024-07-04 16:47:35,747 - Synchronized server time. Server time: 1720091855647, Local time: 1720091855747, Time difference: -100
2024-07-04 16:47:35,961 - Updated balances: {'USDC': 400.60956041, 'ETH': 2.482e-05, 'BTC': 3.97e-06, 'SOL': 1.62696932}
2024-07-04 16:47:35,961 - Trade amount 2.482e-05 ETH does not meet the minimum requirements
2024-07-04 16:47:36,247 - Skipping sell for SOL/USDC due to no profitable buy price found. Market Price: 133.87
2024-07-04 16:47:36,534 - Updated balances for SOL/ETH - USDC: 400.60956041, SOL: 1.62696932
2024-07-04 16:47:37,190 - Updated balances for SOL/BTC - USDC: 400.60956041, SOL: 1.62696932
2024-07-04 16:48:32,664 - Synchronized server time. Server time: 1720091912562, Local time: 1720091912664, Time difference: -102
2024-07-04 16:48:32,871 - Updated balances: {'USDC': 400.60956041, 'ETH': 2.482e-05, 'BTC': 3.97e-06, 'SOL': 1.62696932}
2024-07-04 16:48:33,436 - Pair: SOL/USDC, RSI: 42.87389417735, MACD Line: 0.019088645852434638, MACD Signal: 0.09208321535334468, BB Upper: 134.45919893047991, BB Lower: 133.86080106952008, ATR: 0.1846008826097893, Order Flow Imbalance: -0.11311751619041388
2024-07-04 16:48:33,731 - Pair: SOL/ETH, RSI: 43.968568857576905, MACD Line: -1.4995079394272692e-05, MACD Signal: -1.1924752723584145e-05, BB Upper: 0.0423940000000001, BB Lower: 0.0422899999999999, ATR: 3.6408490570286915e-05, Order Flow Imbalance: -0.06615735363905668
2024-07-04 16:48:34,295 - Pair: SOL/BTC, RSI: 47.00501726130635, MACD Line: -2.7797505340078354e-07, MACD Signal: -3.113819676245316e-07, BB Upper: 0.0023196940029150386, BB Lower: 0.0023131759970849613, ATR: 2.075673235104183e-06, Order Flow Imbalance: 0.027003388937545635
2024-07-04 16:48:34,863 - Pair: ETH/BTC, RSI: 51.26288610317826, MACD Line: 1.11493641899163e-05, MACD Signal: 6.83842022893368e-06, BB Upper: 0.05476387788069486, BB Lower: 0.05463912211930514, ATR: 3.1932121952106744e-05, Order Flow Imbalance: 0.05525263226926433
2024-07-04 16:48:35,689 - Pair: BTC/USDC, RSI: 42.20564385214833, MACD Line: 15.084034429994063, MACD Signal: 47.972873980368114, BB Upper: 58063.26216765709, BB Lower: 57766.92683234289, ATR: 52.543535869816466, Order Flow Imbalance: 0.04696862029790993
2024-07-04 16:48:36,528 - Pair: ETH/USDC, RSI: 42.776843480513186, MACD Line: 1.4633935782107983, MACD Signal: 3.0728131864663455, BB Upper: 3174.762686191348, BB Lower: 3161.3153138086514, ATR: 3.2953056244625194, Order Flow Imbalance: 0.003579860919274767
2024-07-04 16:48:36,541 - Pair: SOL/USDC, Market Price: 133.88
2024-07-04 16:48:36,541 - Indicators: {'timestamp': datetime.datetime(2024, 7, 4, 16, 48, 33, 290638), 'price': np.float64(133.88), 'rsi': np.float64(42.87389417735), 'macd_line': np.float64(0.019088645852434638), 'macd_signal': np.float64(0.09208321535334468), 'bb_upper': np.float64(134.45919893047991), 'bb_lower': np.float64(133.86080106952008), 'atr': np.float64(0.1846008826097893), 'order_flow_imbalance': -0.11311751619041388}
2024-07-04 16:48:36,542 - Sell signal generated for SOL/USDC at price: 133.88
2024-07-04 16:48:36,549 - Pair: SOL/ETH, Market Price: 0.04232
2024-07-04 16:48:36,549 - Indicators: {'timestamp': datetime.datetime(2024, 7, 4, 16, 48, 33, 591365), 'price': np.float64(0.04232), 'rsi': np.float64(43.968568857576905), 'macd_line': np.float64(-1.4995079394272692e-05), 'macd_signal': np.float64(-1.1924752723584145e-05), 'bb_upper': np.float64(0.0423940000000001), 'bb_lower': np.float64(0.0422899999999999), 'atr': np.float64(3.6408490570286915e-05), 'order_flow_imbalance': -0.06615735363905668}
2024-07-04 16:48:36,549 - Buy signal generated for SOL/ETH at price: 0.04232
2024-07-04 16:48:36,556 - Pair: SOL/BTC, Market Price: 0.002316
2024-07-04 16:48:36,556 - Indicators: {'timestamp': datetime.datetime(2024, 7, 4, 16, 48, 33, 884831), 'price': np.float64(0.002316), 'rsi': np.float64(47.00501726130635), 'macd_line': np.float64(-2.7797505340078354e-07), 'macd_signal': np.float64(-3.113819676245316e-07), 'bb_upper': np.float64(0.0023196940029150386), 'bb_lower': np.float64(0.0023131759970849613), 'atr': np.float64(2.075673235104183e-06), 'order_flow_imbalance': 0.027003388937545635}
2024-07-04 16:48:36,556 - Buy signal generated for SOL/BTC at price: 0.002316
2024-07-04 16:48:36,566 - Pair: ETH/BTC, Market Price: 0.05471
2024-07-04 16:48:36,566 - Indicators: {'timestamp': datetime.datetime(2024, 7, 4, 16, 48, 34, 451336), 'price': np.float64(0.05471), 'rsi': np.float64(51.26288610317826), 'macd_line': np.float64(1.11493641899163e-05), 'macd_signal': np.float64(6.83842022893368e-06), 'bb_upper': np.float64(0.05476387788069486), 'bb_lower': np.float64(0.05463912211930514), 'atr': np.float64(3.1932121952106744e-05), 'order_flow_imbalance': 0.05525263226926433}
2024-07-04 16:48:36,566 - Buy signal generated for ETH/BTC at price: 0.05471
2024-07-04 16:48:36,575 - Pair: BTC/USDC, Market Price: 57792.01
2024-07-04 16:48:36,575 - Indicators: {'timestamp': datetime.datetime(2024, 7, 4, 16, 48, 35, 272829), 'price': np.float64(57792.01), 'rsi': np.float64(42.20564385214833), 'macd_line': np.float64(15.084034429994063), 'macd_signal': np.float64(47.972873980368114), 'bb_upper': np.float64(58063.26216765709), 'bb_lower': np.float64(57766.92683234289), 'atr': np.float64(52.543535869816466), 'order_flow_imbalance': 0.04696862029790993}
2024-07-04 16:48:36,575 - Sell signal generated for BTC/USDC at price: 57792.01
2024-07-04 16:48:36,583 - Pair: ETH/USDC, Market Price: 3161.82
2024-07-04 16:48:36,583 - Indicators: {'timestamp': datetime.datetime(2024, 7, 4, 16, 48, 36, 115329), 'price': np.float64(3161.82), 'rsi': np.float64(42.776843480513186), 'macd_line': np.float64(1.4633935782107983), 'macd_signal': np.float64(3.0728131864663455), 'bb_upper': np.float64(3174.762686191348), 'bb_lower': np.float64(3161.3153138086514), 'atr': np.float64(3.2953056244625194), 'order_flow_imbalance': 0.003579860919274767}
2024-07-04 16:48:36,583 - Sell signal generated for ETH/USDC at price: 3161.82
2024-07-04 16:48:36,727 - Synchronized server time. Server time: 1720091916620, Local time: 1720091916727, Time difference: -107
2024-07-04 16:48:36,939 - Updated balances: {'USDC': 400.60956041, 'ETH': 2.482e-05, 'BTC': 3.97e-06, 'SOL': 1.62696932}
2024-07-04 16:48:37,080 - Synchronized server time. Server time: 1720091916974, Local time: 1720091917080, Time difference: -106
2024-07-04 16:48:37,225 - Placed sell order for SOL/USDC: {'info': {'symbol': 'SOLUSDC', 'orderId': '433407239', 'orderListId': '-1', 'clientOrderId': 'x-R4BD3S821e8c0b1f7be11ccbabba39', 'transactTime': '1720091917118', 'price': '133.88000000', 'origQty': '1.62600000', 'executedQty': '0.00000000', 'cummulativeQuoteQty': '0.00000000', 'status': 'NEW', 'timeInForce': 'GTC', 'type': 'LIMIT', 'side': 'SELL', 'workingTime': '1720091917118', 'fills': [], 'selfTradePreventionMode': 'EXPIRE_MAKER'}, 'id': '433407239', 'clientOrderId': 'x-R4BD3S821e8c0b1f7be11ccbabba39', 'timestamp': 1720091917118, 'datetime': '2024-07-04T11:18:37.118Z', 'lastTradeTimestamp': None, 'lastUpdateTimestamp': 1720091917118, 'symbol': 'SOL/USDC', 'type': 'limit', 'timeInForce': 'GTC', 'postOnly': False, 'reduceOnly': None, 'side': 'sell', 'price': 133.88, 'triggerPrice': None, 'amount': 1.626, 'cost': 0.0, 'average': None, 'filled': 0.0, 'remaining': 1.626, 'status': 'open', 'fee': None, 'trades': [], 'fees': [], 'stopPrice': None, 'takeProfitPrice': None, 'stopLossPrice': None}
2024-07-04 16:48:37,225 - Order placed for SOL/USDC: {'info': {'symbol': 'SOLUSDC', 'orderId': '433407239', 'orderListId': '-1', 'clientOrderId': 'x-R4BD3S821e8c0b1f7be11ccbabba39', 'transactTime': '1720091917118', 'price': '133.88000000', 'origQty': '1.62600000', 'executedQty': '0.00000000', 'cummulativeQuoteQty': '0.00000000', 'status': 'NEW', 'timeInForce': 'GTC', 'type': 'LIMIT', 'side': 'SELL', 'workingTime': '1720091917118', 'fills': [], 'selfTradePreventionMode': 'EXPIRE_MAKER'}, 'id': '433407239', 'clientOrderId': 'x-R4BD3S821e8c0b1f7be11ccbabba39', 'timestamp': 1720091917118, 'datetime': '2024-07-04T11:18:37.118Z', 'lastTradeTimestamp': None, 'lastUpdateTimestamp': 1720091917118, 'symbol': 'SOL/USDC', 'type': 'limit', 'timeInForce': 'GTC', 'postOnly': False, 'reduceOnly': None, 'side': 'sell', 'price': 133.88, 'triggerPrice': None, 'amount': 1.626, 'cost': 0.0, 'average': None, 'filled': 0.0, 'remaining': 1.626, 'status': 'open', 'fee': None, 'trades': [], 'fees': [], 'stopPrice': None, 'takeProfitPrice': None, 'stopLossPrice': None}
2024-07-04 16:48:37,367 - Synchronized server time. Server time: 1720091917261, Local time: 1720091917367, Time difference: -106
2024-07-04 16:48:37,581 - Updated balances: {'USDC': 400.60956041, 'ETH': 2.482e-05, 'BTC': 3.97e-06, 'SOL': 1.62696932}
2024-07-04 16:48:37,581 - Insufficient ETH balance to buy minimum amount of SOL. Required: 0.001 SOL
2024-07-04 16:48:37,976 - Synchronized server time. Server time: 1720091917874, Local time: 1720091917976, Time difference: -102
2024-07-04 16:48:38,130 - Updated balances: {'USDC': 400.60956041, 'ETH': 2.482e-05, 'BTC': 3.97e-06, 'SOL': 1.62696932}
2024-07-04 16:48:38,267 - Synchronized server time. Server time: 1720091918165, Local time: 1720091918267, Time difference: -102
2024-07-04 16:48:38,413 - API Error while placing order for SOL/BTC: binance {"code":-1013,"msg":"Filter failure: NOTIONAL"}
2024-07-04 16:48:38,577 - Synchronized server time. Server time: 1720091918471, Local time: 1720091918577, Time difference: -106
2024-07-04 16:48:38,775 - Updated balances: {'USDC': 400.60956041, 'ETH': 2.482e-05, 'BTC': 3.97e-06, 'SOL': 1.62696932}
2024-07-04 16:48:38,776 - Insufficient BTC balance to buy minimum amount of ETH. Required: 0.001 ETH
2024-07-04 16:48:39,187 - Synchronized server time. Server time: 1720091919081, Local time: 1720091919187, Time difference: -106
2024-07-04 16:48:39,342 - Updated balances: {'USDC': 400.60956041, 'ETH': 2.482e-05, 'BTC': 3.97e-06, 'SOL': 1.62696932}
2024-07-04 16:48:39,343 - Trade amount 3.97e-06 BTC does not meet the minimum requirements
2024-07-04 16:48:39,482 - Synchronized server time. Server time: 1720091919381, Local time: 1720091919482, Time difference: -101
2024-07-04 16:48:39,689 - Updated balances: {'USDC': 400.60956041, 'ETH': 2.482e-05, 'BTC': 3.97e-06, 'SOL': 1.62696932}
2024-07-04 16:48:39,690 - Trade amount 2.482e-05 ETH does not meet the minimum requirements
2024-07-04 16:49:36,723 - Synchronized server time. Server time: 1720091976616, Local time: 1720091976723, Time difference: -107
2024-07-04 16:49:36,934 - Updated balances: {'USDC': 400.60956041, 'ETH': 2.482e-05, 'BTC': 3.97e-06, 'SOL': 1.62696932}
2024-07-04 16:49:37,225 - Pair: SOL/USDC, RSI: 39.03070026957558, MACD Line: -0.016631885580665084, MACD Signal: 0.0686751613180212, BB Upper: 134.49879527481434, BB Lower: 133.76020472518567, ATR: 0.18034663703874504, Order Flow Imbalance: -0.09508989790581159
2024-07-04 16:49:38,055 - Pair: SOL/ETH, RSI: 41.07715775345948, MACD Line: -1.7993577768132818e-05, MACD Signal: -1.3388014135958366e-05, BB Upper: 0.042392952682532, BB Lower: 0.042282047317468, ATR: 3.5849745249742745e-05, Order Flow Imbalance: -0.05824543986134007
2024-07-04 16:49:38,354 - Pair: SOL/BTC, RSI: 43.469376922695766, MACD Line: -4.965618297545979e-07, MACD Signal: -3.6344547615911735e-07, BB Upper: 0.0023194477821225153, BB Lower: 0.002312912217877485, ATR: 1.9953359174703527e-06, Order Flow Imbalance: 0.02491035762677626
2024-07-04 16:49:38,914 - Pair: ETH/BTC, RSI: 49.45453652681208, MACD Line: 9.15087752580146e-06, MACD Signal: 7.300911470716286e-06, BB Upper: 0.054763257529664953, BB Lower: 0.054638742470335046, ATR: 3.108026286955257e-05, Order Flow Imbalance: 0.06657092118935452
2024-07-04 16:49:39,477 - Pair: BTC/USDC, RSI: 42.27815931348665, MACD Line: 7.011456781779998, MACD Signal: 39.70807977929861, BB Upper: 58067.79492264329, BB Lower: 57751.32207735671, ATR: 50.66329153894292, Order Flow Imbalance: -0.22732544087161105
2024-07-04 16:49:40,312 - Pair: ETH/USDC, RSI: 39.53972286906912, MACD Line: 0.7836669894404622, MACD Signal: 2.6039808384707124, BB Upper: 3175.323749574581, BB Lower: 3159.8972504254184, ATR: 3.2341423624828485, Order Flow Imbalance: 0.0019397289776492195
2024-07-04 16:49:40,322 - Pair: SOL/USDC, Market Price: 133.75
2024-07-04 16:49:40,322 - Indicators: {'timestamp': datetime.datetime(2024, 7, 4, 16, 49, 37, 81704), 'price': np.float64(133.75), 'rsi': np.float64(39.03070026957558), 'macd_line': np.float64(-0.016631885580665084), 'macd_signal': np.float64(0.0686751613180212), 'bb_upper': np.float64(134.49879527481434), 'bb_lower': np.float64(133.76020472518567), 'atr': np.float64(0.18034663703874504), 'order_flow_imbalance': -0.09508989790581159}
2024-07-04 16:49:40,322 - Sell signal generated for SOL/USDC at price: 133.75
2024-07-04 16:49:40,328 - Pair: SOL/ETH, Market Price: 0.0423
2024-07-04 16:49:40,328 - Indicators: {'timestamp': datetime.datetime(2024, 7, 4, 16, 49, 37, 645248), 'price': np.float64(0.0423), 'rsi': np.float64(41.07715775345948), 'macd_line': np.float64(-1.7993577768132818e-05), 'macd_signal': np.float64(-1.3388014135958366e-05), 'bb_upper': np.float64(0.042392952682532), 'bb_lower': np.float64(0.042282047317468), 'atr': np.float64(3.5849745249742745e-05), 'order_flow_imbalance': -0.05824543986134007}
2024-07-04 16:49:40,328 - Buy signal generated for SOL/ETH at price: 0.0423
2024-07-04 16:49:40,334 - Pair: SOL/BTC, Market Price: 0.0023146
2024-07-04 16:49:40,334 - Indicators: {'timestamp': datetime.datetime(2024, 7, 4, 16, 49, 38, 210332), 'price': np.float64(0.0023146), 'rsi': np.float64(43.469376922695766), 'macd_line': np.float64(-4.965618297545979e-07), 'macd_signal': np.float64(-3.6344547615911735e-07), 'bb_upper': np.float64(0.0023194477821225153), 'bb_lower': np.float64(0.002312912217877485), 'atr': np.float64(1.9953359174703527e-06), 'order_flow_imbalance': 0.02491035762677626}
2024-07-04 16:49:40,334 - Buy signal generated for SOL/BTC at price: 0.0023146
2024-07-04 16:49:40,340 - Pair: ETH/BTC, Market Price: 0.0547
2024-07-04 16:49:40,340 - Indicators: {'timestamp': datetime.datetime(2024, 7, 4, 16, 49, 38, 776850), 'price': np.float64(0.0547), 'rsi': np.float64(49.45453652681208), 'macd_line': np.float64(9.15087752580146e-06), 'macd_signal': np.float64(7.300911470716286e-06), 'bb_upper': np.float64(0.054763257529664953), 'bb_lower': np.float64(0.054638742470335046), 'atr': np.float64(3.108026286955257e-05), 'order_flow_imbalance': 0.06657092118935452}
2024-07-04 16:49:40,340 - Buy signal generated for ETH/BTC at price: 0.0547
2024-07-04 16:49:40,345 - Pair: BTC/USDC, Market Price: 57791.28
2024-07-04 16:49:40,346 - Indicators: {'timestamp': datetime.datetime(2024, 7, 4, 16, 49, 39, 334333), 'price': np.float64(57791.28), 'rsi': np.float64(42.27815931348665), 'macd_line': np.float64(7.011456781779998), 'macd_signal': np.float64(39.70807977929861), 'bb_upper': np.float64(58067.79492264329), 'bb_lower': np.float64(57751.32207735671), 'atr': np.float64(50.66329153894292), 'order_flow_imbalance': -0.22732544087161105}
2024-07-04 16:49:40,346 - Sell signal generated for BTC/USDC at price: 57791.28
2024-07-04 16:49:40,351 - Pair: ETH/USDC, Market Price: 3160.02
2024-07-04 16:49:40,351 - Indicators: {'timestamp': datetime.datetime(2024, 7, 4, 16, 49, 39, 899516), 'price': np.float64(3160.02), 'rsi': np.float64(39.53972286906912), 'macd_line': np.float64(0.7836669894404622), 'macd_signal': np.float64(2.6039808384707124), 'bb_upper': np.float64(3175.323749574581), 'bb_lower': np.float64(3159.8972504254184), 'atr': np.float64(3.2341423624828485), 'order_flow_imbalance': 0.0019397289776492195}
2024-07-04 16:49:40,352 - Sell signal generated for ETH/USDC at price: 3160.02
2024-07-04 16:49:40,494 - Synchronized server time. Server time: 1720091980388, Local time: 1720091980494, Time difference: -106
2024-07-04 16:49:40,708 - Updated balances: {'USDC': 400.60956041, 'ETH': 2.482e-05, 'BTC': 3.97e-06, 'SOL': 1.62696932}
2024-07-04 16:49:40,850 - Synchronized server time. Server time: 1720091980743, Local time: 1720091980850, Time difference: -107
2024-07-04 16:49:40,992 - API Error while placing order for SOL/USDC: binance Account has insufficient balance for requested action.
2024-07-04 16:49:41,133 - Synchronized server time. Server time: 1720091981027, Local time: 1720091981133, Time difference: -106
2024-07-04 16:49:41,616 - Updated balances: {'USDC': 400.60956041, 'ETH': 2.482e-05, 'BTC': 3.97e-06, 'SOL': 1.62696932}
2024-07-04 16:49:41,616 - Insufficient ETH balance to buy minimum amount of SOL. Required: 0.001 SOL
2024-07-04 16:49:42,030 - Synchronized server time. Server time: 1720091981922, Local time: 1720091982030, Time difference: -108
2024-07-04 16:49:42,182 - Updated balances: {'USDC': 400.60956041, 'ETH': 2.482e-05, 'BTC': 3.97e-06, 'SOL': 1.62696932}
2024-07-04 16:49:42,324 - Synchronized server time. Server time: 1720091982217, Local time: 1720091982324, Time difference: -107
2024-07-04 16:49:42,737 - API Error while placing order for SOL/BTC: binance {"code":-1013,"msg":"Filter failure: NOTIONAL"}
2024-07-04 16:49:42,882 - Synchronized server time. Server time: 1720091982774, Local time: 1720091982882, Time difference: -108
2024-07-04 16:49:43,097 - Updated balances: {'USDC': 400.60956041, 'ETH': 2.482e-05, 'BTC': 3.97e-06, 'SOL': 1.62696932}
2024-07-04 16:49:43,097 - Insufficient BTC balance to buy minimum amount of ETH. Required: 0.001 ETH
2024-07-04 16:49:43,245 - Synchronized server time. Server time: 1720091983142, Local time: 1720091983245, Time difference: -103
2024-07-04 16:49:43,449 - Updated balances: {'USDC': 400.60956041, 'ETH': 2.482e-05, 'BTC': 3.97e-06, 'SOL': 1.62696932}
2024-07-04 16:49:43,449 - Trade amount 3.97e-06 BTC does not meet the minimum requirements
2024-07-04 16:49:43,590 - Synchronized server time. Server time: 1720091983484, Local time: 1720091983590, Time difference: -106
2024-07-04 16:49:43,800 - Updated balances: {'USDC': 400.60956041, 'ETH': 2.482e-05, 'BTC': 3.97e-06, 'SOL': 1.62696932}
2024-07-04 16:49:43,801 - Trade amount 2.482e-05 ETH does not meet the minimum requirements
